hitomi-lilly-integration/android/app/proguard-rules.pro
-keep class ai.agent1c.hitomi.** { *; }