hitomi-lilly-integration/android/app/build/outputs/mapping/release/seeds.txt
ai.agent1c.hitomi.R$drawable
ai.agent1c.hitomi.WebViewActivity
ai.agent1c.hitomi.R$style
ai.agent1c.hitomi.LillyOverlayService$2
ai.agent1c.hitomi.R$layout
ai.agent1c.hitomi.WebViewActivity$1
ai.agent1c.hitomi.MainActivity
ai.agent1c.hitomi.WebViewActivity$2
ai.agent1c.hitomi.LillyAIChatClient
ai.agent1c.hitomi.LillyOverlayService$3
ai.agent1c.hitomi.R
ai.agent1c.hitomi.R$string
ai.agent1c.hitomi.LillyOverlayService$LillyBridge
ai.agent1c.hitomi.LillyOverlayService
ai.agent1c.hitomi.LillyAIChatClient$UiState
ai.agent1c.hitomi.LillyOverlayService$1
ai.agent1c.hitomi.WebViewActivity$WebBridge
ai.agent1c.hitomi.R$raw
ai.agent1c.hitomi.WebViewActivity$3
ai.agent1c.hitomi.R$id
ai.agent1c.hitomi.WebViewActivity: java.lang.String TAG
ai.agent1c.hitomi.LillyOverlayService$1: ai.agent1c.hitomi.LillyOverlayService this$0
ai.agent1c.hitomi.LillyOverlayService: java.lang.String ACTION_STOP
ai.agent1c.hitomi.LillyOverlayService: android.os.Handler longPressHandler
ai.agent1c.hitomi.LillyOverlayService: boolean alwaysListeningEnabled
ai.agent1c.hitomi.LillyAIChatClient$UiState: java.lang.String avatar
ai.agent1c.hitomi.LillyOverlayService: android.widget.ImageButton quickCloseBtn
ai.agent1c.hitomi.WebViewActivity: java.util.concurrent.ExecutorService executor
ai.agent1c.hitomi.LillyOverlayService: int TERMUX_MAX_BURST
ai.agent1c.hitomi.LillyOverlayService: android.content.Intent speechIntent
ai.agent1c.hitomi.LillyOverlayService: java.lang.String lastAvatar
ai.agent1c.hitomi.LillyOverlayService: int LONG_PRESS_THRESHOLD_MS
ai.agent1c.hitomi.LillyOverlayService: long lastServerResponse
ai.agent1c.hitomi.R$id: int webviewMicBtn
ai.agent1c.hitomi.R$layout: int activity_webview
ai.agent1c.hitomi.LillyOverlayService: boolean overlayRunning
ai.agent1c.hitomi.R$string: int app_name
ai.agent1c.hitomi.LillyOverlayService: int dragStartX
ai.agent1c.hitomi.LillyAIChatClient$UiState: java.lang.String userName
ai.agent1c.hitomi.LillyAIChatClient$UiState: boolean thinking
ai.agent1c.hitomi.R$id: int startOverlay
ai.agent1c.hitomi.R$id: int lillyQuickClose
ai.agent1c.hitomi.LillyOverlayService: int draggedLastX
ai.agent1c.hitomi.LillyOverlayService: long termuxBurstStart
ai.agent1c.hitomi.LillyAIChatClient$UiState: boolean speaking
ai.agent1c.hitomi.LillyOverlayService: android.view.View closeTargetView
ai.agent1c.hitomi.LillyOverlayService: int dragStartY
ai.agent1c.hitomi.LillyOverlayService: android.widget.ImageButton quickMicBtn
ai.agent1c.hitomi.LillyOverlayService: float dragStartRawX
ai.agent1c.hitomi.R$drawable: int overlay_action_button_bg
ai.agent1c.hitomi.LillyAIChatClient$UiState: java.lang.String mood
ai.agent1c.hitomi.R$drawable: int ic_launcher_foreground
ai.agent1c.hitomi.LillyOverlayService: java.lang.Object termuxThrottleLock
ai.agent1c.hitomi.LillyOverlayService: boolean quickActionsVisible
ai.agent1c.hitomi.R$id: int bottomBar
ai.agent1c.hitomi.R$style: int Theme_LillyOverlay
ai.agent1c.hitomi.LillyOverlayService: android.speech.SpeechRecognizer speechRecognizer
ai.agent1c.hitomi.LillyAIChatClient$UiState: java.lang.String openUrl
ai.agent1c.hitomi.LillyOverlayService: android.view.WindowManager windowManager
ai.agent1c.hitomi.WebViewActivity$3: ai.agent1c.hitomi.WebViewActivity this$0
ai.agent1c.hitomi.LillyOverlayService: long lastTermuxCommandTime
ai.agent1c.hitomi.LillyOverlayService: float dragStartRawY
ai.agent1c.hitomi.LillyOverlayService: java.lang.Runnable statePoller
ai.agent1c.hitomi.LillyOverlayService$3: ai.agent1c.hitomi.LillyOverlayService this$0
ai.agent1c.hitomi.LillyOverlayService: android.view.View micIndicator
ai.agent1c.hitomi.LillyAIChatClient$UiState: double mouth
ai.agent1c.hitomi.LillyOverlayService: android.webkit.WebView lillyWebView
ai.agent1c.hitomi.R$drawable: int ic_launcher_background
ai.agent1c.hitomi.LillyAIChatClient$UiState: int audioId
ai.agent1c.hitomi.LillyOverlayService: android.os.Handler mainHandler
ai.agent1c.hitomi.R$id: int lillyQuickMic
...
androidx.core.widget.TextViewCompat$Api23Impl: void setCompoundDrawableTintList(android.widget.TextView,android.content.res.ColorStateList)
androidx.appcompat.widget.Toolbar: void setContentInsetEndWithActions(int)
androidx.lifecycle.ReportFragment$LifecycleCallbacks: ReportFragment$LifecycleCallbacks()
androidx.activity.ComponentActivity: void onBackPressed()
androidx.appcompat.widget.AppCompatTextViewAutoSizeHelper$Api18Impl: boolean isInLayout(android.view.View)
androidx.appcompat.widget.AppCompatCheckedTextView: android.graphics.PorterDuff$Mode getSupportBackgroundTintMode()
androidx.appcompat.view.menu.ListMenuItemView: ListMenuItemView(android.content.Context,android.util.AttributeSet)
androidx.core.view.ViewCompat$Api30Impl: java.lang.CharSequence getStateDescription(android.view.View)
androidx.core.view.ViewParentCompat$Api21Impl: boolean onStartNestedScroll(android.view.ViewParent,android.view.View,android.view.View,int)
androidx.core.view.WindowInsetsCompat$BuilderImpl30: WindowInsetsCompat$BuilderImpl30(androidx.core.view.WindowInsetsCompat)
androidx.appcompat.widget.SearchView$SearchAutoComplete: SearchView$SearchAutoComplete(android.content.Context,android.util.AttributeSet)
androidx.fragment.app.FragmentActivity: void onPictureInPictureModeChanged(boolean)
androidx.appcompat.widget.AppCompatEditText: android.text.Editable getText()
androidx.vectordrawable.graphics.drawable.VectorDrawableCompat$VFullPath: void setStrokeColor(int)
androidx.appcompat.widget.AppCompatSpinner: android.content.Context getPopupContext()
androidx.core.widget.PopupWindowCompat$Api19Impl: void showAsDropDown(android.widget.PopupWindow,android.view.View,int,int,int)
androidx.core.view.WindowInsetsCompat$Impl28: androidx.core.view.DisplayCutoutCompat getDisplayCutout()
androidx.vectordrawable.graphics.drawable.VectorDrawableCompat$VPathRenderer: float getAlpha()
androidx.appcompat.widget.ActivityChooserView$InnerLayout: ActivityChooserView$InnerLayout(android.content.Context,android.util.AttributeSet)
androidx.appcompat.widget.AppCompatAutoCompleteTextView: void setDropDownBackgroundResource(int)
androidx.appcompat.widget.MenuPopupWindow$Api23Impl: void setExitTransition(android.widget.PopupWindow,android.transition.Transition)
androidx.vectordrawable.graphics.drawable.VectorDrawableCompat$VGroup: float getTranslateY()
kotlinx.coroutines.android.AndroidDispatcherFactory: int getLoadPriority()
androidx.core.view.WindowInsetsCompat$Impl: void copyWindowDataInto(androidx.core.view.WindowInsetsCompat)
androidx.vectordrawable.graphics.drawable.VectorDrawableCompat$VFullPath: int getFillColor()
androidx.core.view.DisplayCutoutCompat$Api28Impl: int getSafeInsetRight(android.view.DisplayCutout)
androidx.appcompat.widget.AppCompatImageView: void setBackgroundResource(int)
androidx.activity.ComponentActivity$Api33Impl: android.window.OnBackInvokedDispatcher getOnBackInvokedDispatcher(android.app.Activity)
androidx.core.view.WindowInsetsCompat$Impl: androidx.core.graphics.Insets getMandatorySystemGestureInsets()
androidx.appcompat.widget.AppCompatButton: androidx.appcompat.widget.AppCompatEmojiTextHelper getEmojiTextViewHelper()
androidx.appcompat.widget.AppCompatEditText: void setBackgroundResource(int)
androidx.activity.ComponentActivity: void removeOnTrimMemoryListener(androidx.core.util.Consumer)
androidx.core.view.WindowInsetsCompat$Impl20: WindowInsetsCompat$Impl20(androidx.core.view.WindowInsetsCompat,androidx.core.view.WindowInsetsCompat$Impl20)
androidx.appcompat.widget.SearchView: void setSuggestionsAdapter(androidx.cursoradapter.widget.CursorAdapter)
androidx.core.view.WindowInsetsCompat$Impl29: void setStableInsets(androidx.core.graphics.Insets)
androidx.appcompat.widget.LinearLayoutCompat: int getShowDividers()
androidx.core.view.ViewCompat$Api21Impl: boolean dispatchNestedPreScroll(android.view.View,int,int,int[],int[])
androidx.appcompat.widget.AppCompatButton: void setSupportBackgroundTintList(android.content.res.ColorStateList)