hitomi-lilly-integration/android/app/build/outputs/mapping/release/mapping.txt
# compiler: R8
# compiler_version: 8.1.56
# min_api: 21
# common_typos_disable
# {"id":"com.android.tools.r8.mapping","version":"2.2"}
# pg_map_id: 6715e75
# pg_map_hash: SHA-256 6715e75a5aefd03afda446313693b3a8254be957b525351ab151e0e28af186b5
ai.agent1c.hitomi.LillyOverlayService -> ai.agent1c.hitomi.LillyOverlayService:
    1:1:void $r8$lambda$2gpDkh2pxqRCCcAqVZVHLTHxrCY(ai.agent1c.hitomi.LillyOverlayService):0:0 -> a
      # {"id":"com.android.tools.r8.synthesized"}
    1:1:void $r8$lambda$2nhmDwMiglWm_qUfjXjA2lwiAVA(ai.agent1c.hitomi.LillyOverlayService):0:0 -> b
      # {"id":"com.android.tools.r8.synthesized"}
    40:45:androidx.core.app.NotificationCompat$Builder androidx.core.app.NotificationCompat$Builder.setContentTitle(java.lang.CharSequence):0:0 -> buildNotificationWithText
    40:45:android.app.Notification buildNotificationWithText(java.lang.String):0 -> buildNotificationWithText
    46:51:androidx.core.app.NotificationCompat$Builder androidx.core.app.NotificationCompat$Builder.setContentText(java.lang.CharSequence):0:0 -> buildNotificationWithText
    46:51:android.app.Notification buildNotificationWithText(java.lang.String):0 -> buildNotificationWithText
    52:58:androidx.core.app.NotificationCompat$Builder androidx.core.app.NotificationCompat$Builder.setSmallIcon(int):0:0 -> buildNotificationWithText
    52:58:android.app.Notification buildNotificationWithText(java.lang.String):0 -> buildNotificationWithText
    59:64:void androidx.core.app.NotificationCompat$Builder.setFlag(int,boolean):0:0 -> buildNotificationWithText
    59:64:androidx.core.app.NotificationCompat$Builder androidx.core.app.NotificationCompat$Builder.setOngoing(boolean):0 -> buildNotificationWithText
ai.agent1c.hitomi.LillyOverlayService$$ExternalSyntheticApiModelOutline0 -> ai.agent1c.hitomi.a:
# {"id":"sourceFile","fileName":"R8$$SyntheticClass"}
# {"id":"com.android.tools.r8.synthesized"}
    1:1:int androidx.appcompat.app.AppCompatDelegateImpl$Api26Impl$$InternalSyntheticApiModelOutline$1$ebe0237a60ec126e47df9a25affc4c9743f2f51e1332fa13a3b4abdebaa1704e$0.m(android.content.res.Configuration):0:0 -> a
      # {"id":"com.android.tools.r8.synthesized"}
    1:1:android.app.NotificationChannel ai.agent1c.hitomi.LillyOverlayService$$InternalSyntheticApiModelOutline$7$dee5444ef96b737a2aca8824f499a0a1b1a8c47bc5fc0d03329d60e096ffab82$0.m(java.lang.String,java.lang.CharSequence,int):0:0 -> b
      # {"id":"com.android.tools.r8.synthesized"}
      # {"id":"com.android.tools.r8.residualsignature","signature":"()Landroid/app/NotificationChannel;"}
    1:1:android.view.accessibility.AccessibilityNodeInfo$AccessibilityAction androidx.core.view.accessibility.AccessibilityNodeInfoCompat$AccessibilityActionCompat$$InternalSyntheticApiModelOutline$1$32b66231ce0e8ef8eeab38c7038fe1fe404c4b5c14841837aaf20b59c85736fc$12.m():0:0 -> c
      # {"id":"com.android.tools.r8.synthesized"}
    1:1:java.lang.String androidx.core.text.PrecomputedTextCompat$Params$$InternalSyntheticApiModelOutline$1$07a33788f0340d46167a52a800a185e7f3ff39fe498d2f890acfcd77d2b8ff76$1.m(android.text.TextPaint):0:0 -> d
      # {"id":"com.android.tools.r8.synthesized"}
...
androidx.core.provider.FontsContractCompat$FontInfo -> u.h:
    android.net.Uri mUri -> a
    int mTtcIndex -> b
    int mWeight -> c
    boolean mItalic -> d
    int mResultCode -> e
    4:6:java.lang.Object androidx.core.util.Preconditions.checkNotNull(java.lang.Object):0:0 -> <init>
    4:6:void <init>(android.net.Uri,int,int,boolean,int):0 -> <init>
    7:17:void <init>(android.net.Uri,int,int,boolean,int):0:0 -> <init>
androidx.core.provider.RequestExecutor$DefaultThreadFactory -> u.j:
    java.lang.String mThreadName -> a
    int mPriority -> b
    1:1:void <init>(java.lang.String,int):0:0 -> <init>
      # {"id":"com.android.tools.r8.residualsignature","signature":"()V"}
    1:1:java.lang.Thread newThread(java.lang.Runnable):0:0 -> newThread
androidx.core.provider.RequestExecutor$DefaultThreadFactory$ProcessPriorityThread -> u.i:
    int mPriority -> a
    1:1:void <init>(java.lang.Runnable,java.lang.String,int):0:0 -> <init>
    1:1:void run():0:0 -> run
androidx.core.text.ICUCompat -> v.c:
    java.lang.reflect.Method sAddLikelySubtagsMethod -> a
    1:1:void <clinit>():0:0 -> <clinit>
    1:1:java.lang.String maximizeAndGetScript(java.util.Locale):0:0 -> a
androidx.core.text.ICUCompat$Api21Impl -> v.a:
    1:1:java.lang.String getScript(java.util.Locale):0:0 -> a
androidx.core.text.ICUCompat$Api24Impl -> v.b:
    1:1:android.icu.util.ULocale addLikelySubtags(java.lang.Object):0:0 -> a
    1:1:android.icu.util.ULocale forLocale(java.util.Locale):0:0 -> b
    1:1:java.lang.String getScript(java.lang.Object):0:0 -> c
androidx.core.text.PrecomputedTextCompat -> v.e:
androidx.core.text.PrecomputedTextCompat$Params -> v.d:
    android.text.TextPaint mPaint -> a
    android.text.TextDirectionHeuristic mTextDir -> b
    int mBreakStrategy -> c
    int mHyphenationFrequency -> d
    1:1:void <init>(android.text.PrecomputedText$Params):0:0 -> <init>
    2:2:void <init>(android.text.TextPaint,android.text.TextDirectionHeuristic,int,int):0:0 -> <init>
    13:18:boolean androidx.core.text.PrecomputedTextCompat$Params.equalsWithoutTextDirection(androidx.core.text.PrecomputedTextCompat$Params):0:0 -> equals
    13:18:boolean equals(java.lang.Object):0 -> equals
    19:20:int androidx.core.text.PrecomputedTextCompat$Params.getBreakStrategy():0:0 -> equals
    19:20:boolean androidx.core.text.PrecomputedTextCompat$Params.equalsWithoutTextDirection(androidx.core.text.PrecomputedTextCompat$Params):0 -> equals
      # {"id":"com.android.tools.r8.rewriteFrame","conditions":["throws(Ljava/lang/NullPointerException;)"],"actions":["removeInnerFrames(1)"]}
    19:20:boolean equals(java.lang.Object):0 -> equals
    21:38:boolean androidx.core.text.PrecomputedTextCompat$Params.equalsWithoutTextDirection(androidx.core.text.PrecomputedTextCompat$Params):0:0 -> equals
    21:38:boolean equals(java.lang.Object):0 -> equals
    39:40:android.text.TextPaint androidx.core.text.PrecomputedTextCompat$Params.getTextPaint():0:0 -> equals
androidx.core.util.Consumer -> w.a:
    void accept(java.lang.Object) -> a
androidx.core.util.ObjectsCompat$Api19Impl -> w.b:
    1:1:boolean equals(java.lang.Object,java.lang.Object):0:0 -> a
    1:1:int hash(java.lang.Object[]):0:0 -> b
androidx.core.util.Pair -> w.c:
    java.lang.Object first -> a
    java.lang.Object second -> b
    1:1:void <init>(java.lang.Object,java.lang.Object):0:0 -> <init>
      # {"id":"com.android.tools.r8.residualsignature","signature":"(Landroid/graphics/Rect;Landroid/graphics/Rect;)V"}
    11:30:boolean androidx.core.util.ObjectsCompat.equals(java.lang.Object,java.lang.Object):0:0 -> equals
    11:30:boolean equals(java.lang.Object):0 -> equals
    1:1:int hashCode():0:0 -> hashCode
    1:1:java.lang.String toString():0:0 -> toString