hitomi-lilly-integration/android/app/build/outputs/mapping/release/usage.txt
ai.agent1c.hitomi.LillyOverlayService$$InternalSyntheticLambda$1$06355c58ff6e51dee4d3e58794df480e37f1096b512f531f4aaaa027b5770397$1
ai.agent1c.hitomi.LillyOverlayService$$InternalSyntheticLambda$1$0f0533a87f564f8b59e53e339297235b720bba99db831db5b1cf4e5ea868ce10$1
ai.agent1c.hitomi.LillyOverlayService$$InternalSyntheticLambda$1$0f0533a87f564f8b59e53e339297235b720bba99db831db5b1cf4e5ea868ce10$2
ai.agent1c.hitomi.LillyOverlayService$$InternalSyntheticLambda$1$0f0533a87f564f8b59e53e339297235b720bba99db831db5b1cf4e5ea868ce10$3
ai.agent1c.hitomi.LillyOverlayService$$InternalSyntheticLambda$1$30ad6a2b1f6d2c32e7c39d48931f2bcc04066b6ecffba48e48fb761536237154$0
ai.agent1c.hitomi.LillyOverlayService$$InternalSyntheticLambda$1$366e52d791135de2483ed688b5f9581f69e2c6b68769ddb2af3fe8d42c2d921c$0
ai.agent1c.hitomi.LillyOverlayService$$InternalSyntheticLambda$1$3bae9ea567c96bc03ed20b70ed83f4d0629db86be30ccf8a8b7d95258fbc31cd$0
ai.agent1c.hitomi.LillyOverlayService$$InternalSyntheticLambda$1$3c9b3d5863904a99e0749a0b50657ea785aa4e2113f24f19ab4c3d1072f0dadd$0
ai.agent1c.hitomi.LillyOverlayService$$InternalSyntheticLambda$1$5b68e08716b4dfbfae956ed641b56b3352fe52121ff604443c34ff299f575686$0
ai.agent1c.hitomi.LillyOverlayService$$InternalSyntheticLambda$1$8e3fd649b8dff1e9cc0f3ba18b715ca7cf7bec15747014642320395bc289c02d$0
ai.agent1c.hitomi.LillyOverlayService$$InternalSyntheticLambda$1$9c53fe876d73ab54b8ffe88614a89dc4c28df8bd065ed8828b5ce106d4c213a2$0
ai.agent1c.hitomi.LillyOverlayService$$InternalSyntheticLambda$1$9f9b58b66909b0780222be4e4cdb2708d22b6c8af0d471c0611f86b67468bdad$0
ai.agent1c.hitomi.LillyOverlayService$$InternalSyntheticLambda$1$9f9b58b66909b0780222be4e4cdb2708d22b6c8af0d471c0611f86b67468bdad$1
ai.agent1c.hitomi.LillyOverlayService$$InternalSyntheticLambda$1$aab9068cdd15d5c548cfefc7c626ed218b34b208e048e0b27f1fcc135740be0a$0
ai.agent1c.hitomi.LillyOverlayService$$InternalSyntheticLambda$1$c8a2a19a5dd2a4bd8108c0c645dfc2af639f6385a763ca15de7e24322e4adc38$0
ai.agent1c.hitomi.LillyOverlayService$$InternalSyntheticLambda$1$cc1976747a9fabc4fe1cc06327397417d97ea624ad8fa769f4b8f9bff2f3bfab$1
ai.agent1c.hitomi.LillyOverlayService$LillyBridge$$InternalSyntheticLambda$1$7e2101540ec736c089eb9a6bcd5bc9924eff9d88af28c5f04d18a5ea3b2910eb$0
ai.agent1c.hitomi.LillyOverlayService$LillyBridge$$InternalSyntheticLambda$1$8ddd296cc3e94544f497d54606872513cf11799d6edc11def33417b0ec700d86$0
ai.agent1c.hitomi.LillyOverlayService$LillyBridge$$InternalSyntheticLambda$1$921cf17d6402f9218053bcbe82140393c97645f9abfe954e485bebdbea86f1e6$0
ai.agent1c.hitomi.MainActivity$$InternalSyntheticLambda$1$ca8ccb9937e004f9af4dda29f9074eb302f689724b3bb39099107f4005c73559$1
ai.agent1c.hitomi.MainActivity$$InternalSyntheticLambda$1$ca8ccb9937e004f9af4dda29f9074eb302f689724b3bb39099107f4005c73559$2
ai.agent1c.hitomi.WebViewActivity$$InternalSyntheticLambda$1$203fbfd8c5581cf1548c32c929425317388c85d25292c3c474c26d1ea2dd55eb$0
ai.agent1c.hitomi.WebViewActivity$$InternalSyntheticLambda$1$46b1c0b5083213e8628276b3e38a32c9428e35cd0fbcba0dc316697fc1e1f025$1
ai.agent1c.hitomi.WebViewActivity$$InternalSyntheticLambda$1$46b1c0b5083213e8628276b3e38a32c9428e35cd0fbcba0dc316697fc1e1f025$2
ai.agent1c.hitomi.WebViewActivity$$InternalSyntheticLambda$1$6d4f27f87dea0346dab512ae658a464d9b7c8f1b7812bab000b72855cdac6f6f$0
ai.agent1c.hitomi.WebViewActivity$$InternalSyntheticLambda$1$6d4f27f87dea0346dab512ae658a464d9b7c8f1b7812bab000b72855cdac6f6f$1
ai.agent1c.hitomi.WebViewActivity$WebBridge$$InternalSyntheticLambda$1$7b15e0337fcffc13a3c9b6efd3bd42970bf837e76c3ea971215f4627f0554f69$0
ai.agent1c.hitomi.WebViewActivity$WebBridge$$InternalSyntheticLambda$1$a1380742d5655566e47bee759d570266e76711d6ec30f1b45d05e8133a8e1268$0
...
kotlin.io.LinesSequence$iterator$1
kotlin.io.LinesSequence
kotlin.io.NoSuchFileException
kotlin.io.OnErrorAction
kotlin.io.ReadAfterEOFException
kotlin.io.SerializableKt
kotlin.io.TerminateException
kotlin.io.TextStreamsKt$readLines$1
kotlin.io.TextStreamsKt
kotlin.io.encoding.Base64$Default
kotlin.io.encoding.Base64
kotlin.io.encoding.Base64JVMKt
kotlin.io.encoding.Base64Kt
kotlin.io.encoding.DecodeInputStream
kotlin.io.encoding.EncodeOutputStream
kotlin.io.encoding.ExperimentalEncodingApi
kotlin.io.encoding.StreamEncodingKt
kotlin.io.encoding.StreamEncodingKt__Base64IOStreamKt
kotlin.io.path.CopyActionContext
kotlin.io.path.CopyActionResult
kotlin.io.path.DefaultCopyActionContext
kotlin.io.path.DirectoryEntriesReader
kotlin.io.path.ExceptionsCollector
kotlin.io.path.ExperimentalPathApi
kotlin.io.path.FileVisitorBuilder
kotlin.io.path.FileVisitorBuilderImpl
kotlin.io.path.FileVisitorImpl
kotlin.io.path.LinkFollowing
kotlin.io.path.OnErrorResult
kotlin.io.path.PathNode
kotlin.io.path.PathRelativizer
kotlin.io.path.PathTreeWalk$bfsIterator$1
kotlin.io.path.PathTreeWalk$dfsIterator$1
kotlin.io.path.PathTreeWalk
kotlin.io.path.PathTreeWalkKt
kotlin.io.path.PathWalkOption
kotlin.io.path.PathsKt
kotlin.io.path.PathsKt__PathReadWriteKt
kotlin.io.path.PathsKt__PathRecursiveFunctionsKt$WhenMappings
kotlin.io.path.PathsKt__PathRecursiveFunctionsKt$copyToRecursively$1
kotlin.io.path.PathsKt__PathRecursiveFunctionsKt$copyToRecursively$2
kotlin.io.path.PathsKt__PathRecursiveFunctionsKt$copyToRecursively$3
kotlin.io.path.PathsKt__PathRecursiveFunctionsKt$copyToRecursively$4
kotlin.io.path.PathsKt__PathRecursiveFunctionsKt$copyToRecursively$5$1
kotlin.io.path.PathsKt__PathRecursiveFunctionsKt$copyToRecursively$5$2
kotlin.io.path.PathsKt__PathRecursiveFunctionsKt$copyToRecursively$5$3
kotlin.io.path.PathsKt__PathRecursiveFunctionsKt$copyToRecursively$5$4
kotlin.io.path.PathsKt__PathRecursiveFunctionsKt$copyToRecursively$5
kotlin.io.path.PathsKt__PathRecursiveFunctionsKt
kotlin.io.path.PathsKt__PathUtilsKt
kotlin.jdk7.AutoCloseableKt
kotlin.js.ExperimentalJsExport
kotlin.jvm.JvmClassMappingKt:
    public static final kotlin.reflect.KClass getAnnotationClass(java.lang.annotation.Annotation)
    private static final java.lang.Class getDeclaringJavaClass(java.lang.Enum)
    public static synthetic void getDeclaringJavaClass$annotations(java.lang.Enum)
    public static final java.lang.Class getJavaClass(java.lang.Object)
    public static synthetic void getJavaClass$annotations(kotlin.reflect.KClass)
    public static final java.lang.Class getJavaPrimitiveType(kotlin.reflect.KClass)
    public static final kotlin.reflect.KClass getKotlinClass(java.lang.Class)
    public static final java.lang.Class getRuntimeClassOfKClassInstance(kotlin.reflect.KClass)
    public static synthetic void getRuntimeClassOfKClassInstance$annotations(kotlin.reflect.KClass)
    public static final synthetic boolean isArrayOf(java.lang.Object[])
kotlin.jvm.JvmDefault
kotlin.jvm.JvmDefaultWithCompatibility
kotlin.jvm.JvmDefaultWithoutCompatibility
kotlin.jvm.JvmField
kotlin.jvm.JvmInline
kotlin.jvm.JvmMultifileClass
kotlin.jvm.JvmName
kotlin.jvm.JvmOverloads
kotlin.jvm.JvmPackageName
kotlin.jvm.JvmRecord
kotlin.jvm.JvmSerializableLambda
kotlin.jvm.JvmStatic
kotlin.jvm.JvmSuppressWildcards
kotlin.jvm.JvmSynthetic
kotlin.jvm.JvmWildcard
kotlin.jvm.KotlinReflectionNotSupportedError
kotlin.jvm.PurelyImplements
kotlin.jvm.Strictfp
kotlin.jvm.Synchronized
kotlin.jvm.Throws
kotlin.jvm.Transient
kotlin.jvm.Volatile
kotlin.jvm.functions.Function10:
    public abstract java.lang.Object invoke(java.lang.Object,java.lang.Object,java.lang.Object,java.lang.Object,java.lang.Object,java.lang.Object,java.lang.Object,java.lang.Object,java.lang.Object,java.lang.Object)